<?xml version="1.0" encoding="UTF-8"?>
<!-- Generated by org.testng.reporters.JUnitReportReporter -->
<testsuite skipped="0" hostname="PROBAL-ASUS" name="mytest.FlightTest" tests="1" failures="0" timestamp="2020-01-08T11:02:29 CST" time="67.150" errors="0">
  <testcase name="flightBooking" time="67.150" classname="mytest.FlightTest"/>
  <system-out/>
</testsuite> <!-- mytest.FlightTest -->
