<?xml version="1.0" encoding="UTF-8"?>
<!-- Generated by org.testng.reporters.JUnitReportReporter -->
<testsuite skipped="0" hostname="PROBAL-ASUS" name="mytest.TableTest" tests="1" failures="0" timestamp="2020-01-08T11:02:29 CST" time="5.611" errors="0">
  <testcase name="tabledata" time="5.611" classname="mytest.TableTest"/>
  <system-out/>
</testsuite> <!-- mytest.TableTest -->
