<?xml version="1.0" encoding="UTF-8"?>
<!-- Generated by org.testng.reporters.JUnitReportReporter -->
<testsuite skipped="0" hostname="PROBAL-ASUS" name="mytest.AutoDropDownTest" tests="1" failures="0" timestamp="2020-01-08T11:02:29 CST" time="1.484" errors="0">
  <testcase name="auto" time="1.484" classname="mytest.AutoDropDownTest"/>
  <system-out/>
</testsuite> <!-- mytest.AutoDropDownTest -->
