<?xml version="1.0" encoding="UTF-8"?>
<!-- Generated by org.testng.reporters.JUnitReportReporter -->
<testsuite skipped="0" hostname="PROBAL-ASUS" name="mytest.FlightTest" tests="1" failures="0" timestamp="2020-01-07T11:18:31 CST" time="9.137" errors="0">
  <testcase name="flightBooking" time="9.137" classname="mytest.FlightTest"/>
  <system-out/>
</testsuite> <!-- mytest.FlightTest -->
