<?xml version="1.0" encoding="UTF-8"?>
<!-- Generated by org.testng.reporters.JUnitReportReporter -->
<testsuite skipped="0" hostname="PROBAL-ASUS" name="mytest.AutoDropDownTest" tests="1" failures="0" timestamp="2020-01-07T12:26:56 CST" time="0.598" errors="0">
  <testcase name="auto" time="0.598" classname="mytest.AutoDropDownTest"/>
  <system-out/>
</testsuite> <!-- mytest.AutoDropDownTest -->
