<?xml version="1.0" encoding="UTF-8"?>
<!-- Generated by org.testng.reporters.JUnitReportReporter -->
<testsuite skipped="0" hostname="PROBAL-ASUS" name="mytest.CartTest" tests="1" failures="0" timestamp="2020-01-02T15:51:50 CST" time="0.610" errors="0">
  <testcase name="addItem" time="0.610" classname="mytest.CartTest"/>
  <system-out/>
</testsuite> <!-- mytest.CartTest -->
