<?xml version="1.0" encoding="UTF-8"?>
<!-- Generated by org.testng.reporters.JUnitReportReporter -->
<testsuite hostname="PROBAL-ASUS" failures="0" tests="1" name="mytest.CartTest" time="3.684" errors="0" timestamp="2020-01-02T15:53:47 CST" skipped="0">
  <testcase classname="mytest.CartTest" name="addItem" time="3.684"/>
  <system-out/>
</testsuite> <!-- mytest.CartTest -->
